{"C:\\Users\\Matheus\\Desktop\\Faculdade\\S6\\PRINT\\SisPou-print1\\server\\dbconfig.js": {"path":"C:\\Users\\Matheus\\Desktop\\Faculdade\\S6\\PRINT\\SisPou-print1\\server\\dbconfig.js","statementMap":{"0":{"start":{"line":1,"column":0},"end":{"line":9,"column":2}}},"fnMap":{},"branchMap":{},"s":{"0":2},"f":{},"b":{},"_coverageSchema":"1a1c01bbd47fc00a2c39e90264f33305004495a9","hash":"f4db1e856a00b2dd43bbcc412f1d26629f436dda"}
,"C:\\Users\\Matheus\\Desktop\\Faculdade\\S6\\PRINT\\SisPou-print1\\server\\server.js": {"path":"C:\\Users\\Matheus\\Desktop\\Faculdade\\S6\\PRINT\\SisPou-print1\\server\\server.js","statementMap":{"0":{"start":{"line":1,"column":16},"end":{"line":1,"column":34}},"1":{"start":{"line":2,"column":19},"end":{"line":2,"column":41}},"2":{"start":{"line":3,"column":13},"end":{"line":3,"column":28}},"3":{"start":{"line":4,"column":14},"end":{"line":4,"column":39}},"4":{"start":{"line":5,"column":15},"end":{"line":5,"column":32}},"5":{"start":{"line":6,"column":13},"end":{"line":6,"column":28}},"6":{"start":{"line":7,"column":17},"end":{"line":7,"column":38}},"7":{"start":{"line":9,"column":12},"end":{"line":9,"column":21}},"8":{"start":{"line":10,"column":13},"end":{"line":10,"column":17}},"9":{"start":{"line":12,"column":0},"end":{"line":12,"column":16}},"10":{"start":{"line":13,"column":0},"end":{"line":13,"column":27}},"11":{"start":{"line":14,"column":0},"end":{"line":14,"column":62}},"12":{"start":{"line":17,"column":0},"end":{"line":23,"column":1}},"13":{"start":{"line":18,"column":4},"end":{"line":18,"column":38}},"14":{"start":{"line":19,"column":4},"end":{"line":19,"column":49}},"15":{"start":{"line":21,"column":4},"end":{"line":21,"column":57}},"16":{"start":{"line":22,"column":4},"end":{"line":22,"column":20}},"17":{"start":{"line":25,"column":0},"end":{"line":27,"column":3}},"18":{"start":{"line":26,"column":4},"end":{"line":26,"column":69}},"19":{"start":{"line":29,"column":0},"end":{"line":31,"column":3}},"20":{"start":{"line":30,"column":4},"end":{"line":30,"column":72}},"21":{"start":{"line":33,"column":0},"end":{"line":75,"column":3}},"22":{"start":{"line":34,"column":96},"end":{"line":34,"column":104}},"23":{"start":{"line":36,"column":4},"end":{"line":38,"column":5}},"24":{"start":{"line":37,"column":8},"end":{"line":37,"column":118}},"25":{"start":{"line":39,"column":4},"end":{"line":41,"column":5}},"26":{"start":{"line":40,"column":8},"end":{"line":40,"column":107}},"27":{"start":{"line":42,"column":4},"end":{"line":44,"column":5}},"28":{"start":{"line":43,"column":8},"end":{"line":43,"column":116}},"29":{"start":{"line":45,"column":4},"end":{"line":47,"column":5}},"30":{"start":{"line":46,"column":8},"end":{"line":46,"column":112}},"31":{"start":{"line":49,"column":4},"end":{"line":74,"column":5}},"32":{"start":{"line":50,"column":30},"end":{"line":50,"column":61}},"33":{"start":{"line":51,"column":27},"end":{"line":51,"column":53}},"34":{"start":{"line":53,"column":23},"end":{"line":56,"column":9}},"35":{"start":{"line":58,"column":8},"end":{"line":58,"column":29}},"36":{"start":{"line":59,"column":8},"end":{"line":59,"column":104}},"37":{"start":{"line":62,"column":8},"end":{"line":69,"column":9}},"38":{"start":{"line":63,"column":12},"end":{"line":65,"column":13}},"39":{"start":{"line":64,"column":16},"end":{"line":64,"column":103}},"40":{"start":{"line":66,"column":12},"end":{"line":68,"column":13}},"41":{"start":{"line":67,"column":16},"end":{"line":67,"column":107}},"42":{"start":{"line":71,"column":8},"end":{"line":71,"column":60}},"43":{"start":{"line":73,"column":8},"end":{"line":73,"column":120}},"44":{"start":{"line":77,"column":0},"end":{"line":109,"column":3}},"45":{"start":{"line":78,"column":43},"end":{"line":78,"column":51}},"46":{"start":{"line":80,"column":4},"end":{"line":82,"column":5}},"47":{"start":{"line":81,"column":8},"end":{"line":81,"column":91}},"48":{"start":{"line":84,"column":4},"end":{"line":108,"column":5}},"49":{"start":{"line":85,"column":27},"end":{"line":85,"column":53}},"50":{"start":{"line":86,"column":23},"end":{"line":89,"column":9}},"51":{"start":{"line":90,"column":8},"end":{"line":90,"column":29}},"52":{"start":{"line":92,"column":8},"end":{"line":94,"column":9}},"53":{"start":{"line":93,"column":12},"end":{"line":93,"column":98}},"54":{"start":{"line":96,"column":21},"end":{"line":96,"column":28}},"55":{"start":{"line":97,"column":30},"end":{"line":97,"column":75}},"56":{"start":{"line":99,"column":8},"end":{"line":103,"column":9}},"57":{"start":{"line":100,"column":12},"end":{"line":100,"column":144}},"58":{"start":{"line":102,"column":12},"end":{"line":102,"column":72}},"59":{"start":{"line":106,"column":8},"end":{"line":106,"column":47}},"60":{"start":{"line":107,"column":8},"end":{"line":107,"column":71}},"61":{"start":{"line":111,"column":0},"end":{"line":138,"column":3}},"62":{"start":{"line":112,"column":50},"end":{"line":112,"column":58}},"63":{"start":{"line":114,"column":4},"end":{"line":116,"column":5}},"64":{"start":{"line":115,"column":8},"end":{"line":115,"column":105}},"65":{"start":{"line":118,"column":26},"end":{"line":118,"column":68}},"66":{"start":{"line":119,"column":4},"end":{"line":121,"column":5}},"67":{"start":{"line":120,"column":8},"end":{"line":120,"column":121}},"68":{"start":{"line":123,"column":4},"end":{"line":137,"column":5}},"69":{"start":{"line":124,"column":27},"end":{"line":124,"column":53}},"70":{"start":{"line":125,"column":8},"end":{"line":128,"column":10}},"71":{"start":{"line":129,"column":8},"end":{"line":129,"column":29}},"72":{"start":{"line":130,"column":8},"end":{"line":130,"column":76}},"73":{"start":{"line":132,"column":8},"end":{"line":134,"column":9}},"74":{"start":{"line":133,"column":12},"end":{"line":133,"column":93}},"75":{"start":{"line":135,"column":8},"end":{"line":135,"column":58}},"76":{"start":{"line":136,"column":8},"end":{"line":136,"column":71}},"77":{"start":{"line":140,"column":0},"end":{"line":150,"column":3}},"78":{"start":{"line":141,"column":4},"end":{"line":149,"column":5}},"79":{"start":{"line":142,"column":27},"end":{"line":142,"column":53}},"80":{"start":{"line":143,"column":23},"end":{"line":143,"column":123}},"81":{"start":{"line":144,"column":8},"end":{"line":144,"column":29}},"82":{"start":{"line":145,"column":8},"end":{"line":145,"column":35}},"83":{"start":{"line":147,"column":8},"end":{"line":147,"column":56}},"84":{"start":{"line":148,"column":8},"end":{"line":148,"column":71}},"85":{"start":{"line":152,"column":0},"end":{"line":178,"column":3}},"86":{"start":{"line":153,"column":23},"end":{"line":153,"column":33}},"87":{"start":{"line":154,"column":23},"end":{"line":154,"column":31}},"88":{"start":{"line":156,"column":26},"end":{"line":156,"column":68}},"89":{"start":{"line":157,"column":4},"end":{"line":159,"column":5}},"90":{"start":{"line":158,"column":8},"end":{"line":158,"column":111}},"91":{"start":{"line":161,"column":4},"end":{"line":177,"column":5}},"92":{"start":{"line":162,"column":27},"end":{"line":162,"column":53}},"93":{"start":{"line":163,"column":25},"end":{"line":166,"column":9}},"94":{"start":{"line":167,"column":8},"end":{"line":167,"column":29}},"95":{"start":{"line":169,"column":8},"end":{"line":171,"column":9}},"96":{"start":{"line":170,"column":12},"end":{"line":170,"column":79}},"97":{"start":{"line":173,"column":8},"end":{"line":173,"column":86}},"98":{"start":{"line":175,"column":8},"end":{"line":175,"column":68}},"99":{"start":{"line":176,"column":8},"end":{"line":176,"column":71}},"100":{"start":{"line":180,"column":0},"end":{"line":182,"column":3}},"101":{"start":{"line":181,"column":4},"end":{"line":181,"column":77}},"102":{"start":{"line":184,"column":0},"end":{"line":186,"column":3}},"103":{"start":{"line":185,"column":4},"end":{"line":185,"column":72}},"104":{"start":{"line":188,"column":0},"end":{"line":190,"column":3}},"105":{"start":{"line":189,"column":4},"end":{"line":189,"column":73}},"106":{"start":{"line":192,"column":0},"end":{"line":194,"column":3}},"107":{"start":{"line":193,"column":4},"end":{"line":193,"column":62}},"108":{"start":{"line":196,"column":0},"end":{"line":196,"column":21}}},"fnMap":{"0":{"name":"(anonymous_0)","decl":{"start":{"line":25,"column":13},"end":{"line":25,"column":14}},"loc":{"start":{"line":25,"column":27},"end":{"line":27,"column":1}},"line":25},"1":{"name":"(anonymous_1)","decl":{"start":{"line":29,"column":21},"end":{"line":29,"column":22}},"loc":{"start":{"line":29,"column":35},"end":{"line":31,"column":1}},"line":29},"2":{"name":"(anonymous_2)","decl":{"start":{"line":33,"column":26},"end":{"line":33,"column":27}},"loc":{"start":{"line":33,"column":46},"end":{"line":75,"column":1}},"line":33},"3":{"name":"(anonymous_3)","decl":{"start":{"line":77,"column":23},"end":{"line":77,"column":24}},"loc":{"start":{"line":77,"column":43},"end":{"line":109,"column":1}},"line":77},"4":{"name":"(anonymous_4)","decl":{"start":{"line":111,"column":23},"end":{"line":111,"column":24}},"loc":{"start":{"line":111,"column":43},"end":{"line":138,"column":1}},"line":111},"5":{"name":"(anonymous_5)","decl":{"start":{"line":140,"column":22},"end":{"line":140,"column":23}},"loc":{"start":{"line":140,"column":42},"end":{"line":150,"column":1}},"line":140},"6":{"name":"(anonymous_6)","decl":{"start":{"line":152,"column":30},"end":{"line":152,"column":31}},"loc":{"start":{"line":152,"column":50},"end":{"line":178,"column":1}},"line":152},"7":{"name":"(anonymous_7)","decl":{"start":{"line":180,"column":26},"end":{"line":180,"column":27}},"loc":{"start":{"line":180,"column":40},"end":{"line":182,"column":1}},"line":180},"8":{"name":"(anonymous_8)","decl":{"start":{"line":184,"column":21},"end":{"line":184,"column":22}},"loc":{"start":{"line":184,"column":35},"end":{"line":186,"column":1}},"line":184},"9":{"name":"(anonymous_9)","decl":{"start":{"line":188,"column":22},"end":{"line":188,"column":23}},"loc":{"start":{"line":188,"column":36},"end":{"line":190,"column":1}},"line":188},"10":{"name":"(anonymous_10)","decl":{"start":{"line":192,"column":17},"end":{"line":192,"column":18}},"loc":{"start":{"line":192,"column":23},"end":{"line":194,"column":1}},"line":192}},"branchMap":{"0":{"loc":{"start":{"line":36,"column":4},"end":{"line":38,"column":5}},"type":"if","locations":[{"start":{"line":36,"column":4},"end":{"line":38,"column":5}},{"start":{},"end":{}}],"line":36},"1":{"loc":{"start":{"line":36,"column":8},"end":{"line":36,"column":58}},"type":"binary-expr","locations":[{"start":{"line":36,"column":8},"end":{"line":36,"column":13}},{"start":{"line":36,"column":17},"end":{"line":36,"column":23}},{"start":{"line":36,"column":27},"end":{"line":36,"column":36}},{"start":{"line":36,"column":40},"end":{"line":36,"column":50}},{"start":{"line":36,"column":54},"end":{"line":36,"column":58}}],"line":36},"2":{"loc":{"start":{"line":39,"column":4},"end":{"line":41,"column":5}},"type":"if","locations":[{"start":{"line":39,"column":4},"end":{"line":41,"column":5}},{"start":{},"end":{}}],"line":39},"3":{"loc":{"start":{"line":39,"column":8},"end":{"line":39,"column":51}},"type":"binary-expr","locations":[{"start":{"line":39,"column":8},"end":{"line":39,"column":11}},{"start":{"line":39,"column":15},"end":{"line":39,"column":51}}],"line":39},"4":{"loc":{"start":{"line":42,"column":4},"end":{"line":44,"column":5}},"type":"if","locations":[{"start":{"line":42,"column":4},"end":{"line":44,"column":5}},{"start":{},"end":{}}],"line":42},"5":{"loc":{"start":{"line":42,"column":8},"end":{"line":42,"column":59}},"type":"binary-expr","locations":[{"start":{"line":42,"column":8},"end":{"line":42,"column":16}},{"start":{"line":42,"column":20},"end":{"line":42,"column":59}}],"line":42},"6":{"loc":{"start":{"line":45,"column":4},"end":{"line":47,"column":5}},"type":"if","locations":[{"start":{"line":45,"column":4},"end":{"line":47,"column":5}},{"start":{},"end":{}}],"line":45},"7":{"loc":{"start":{"line":62,"column":8},"end":{"line":69,"column":9}},"type":"if","locations":[{"start":{"line":62,"column":8},"end":{"line":69,"column":9}},{"start":{},"end":{}}],"line":62},"8":{"loc":{"start":{"line":63,"column":12},"end":{"line":65,"column":13}},"type":"if","locations":[{"start":{"line":63,"column":12},"end":{"line":65,"column":13}},{"start":{},"end":{}}],"line":63},"9":{"loc":{"start":{"line":66,"column":12},"end":{"line":68,"column":13}},"type":"if","locations":[{"start":{"line":66,"column":12},"end":{"line":68,"column":13}},{"start":{},"end":{}}],"line":66},"10":{"loc":{"start":{"line":73,"column":61},"end":{"line":73,"column":114}},"type":"binary-expr","locations":[{"start":{"line":73,"column":61},"end":{"line":73,"column":71}},{"start":{"line":73,"column":75},"end":{"line":73,"column":114}}],"line":73},"11":{"loc":{"start":{"line":80,"column":4},"end":{"line":82,"column":5}},"type":"if","locations":[{"start":{"line":80,"column":4},"end":{"line":82,"column":5}},{"start":{},"end":{}}],"line":80},"12":{"loc":{"start":{"line":80,"column":8},"end":{"line":80,"column":41}},"type":"binary-expr","locations":[{"start":{"line":80,"column":8},"end":{"line":80,"column":14}},{"start":{"line":80,"column":18},"end":{"line":80,"column":27}},{"start":{"line":80,"column":31},"end":{"line":80,"column":41}}],"line":80},"13":{"loc":{"start":{"line":92,"column":8},"end":{"line":94,"column":9}},"type":"if","locations":[{"start":{"line":92,"column":8},"end":{"line":94,"column":9}},{"start":{},"end":{}}],"line":92},"14":{"loc":{"start":{"line":99,"column":8},"end":{"line":103,"column":9}},"type":"if","locations":[{"start":{"line":99,"column":8},"end":{"line":103,"column":9}},{"start":{"line":101,"column":15},"end":{"line":103,"column":9}}],"line":99},"15":{"loc":{"start":{"line":114,"column":4},"end":{"line":116,"column":5}},"type":"if","locations":[{"start":{"line":114,"column":4},"end":{"line":116,"column":5}},{"start":{},"end":{}}],"line":114},"16":{"loc":{"start":{"line":114,"column":8},"end":{"line":114,"column":51}},"type":"binary-expr","locations":[{"start":{"line":114,"column":8},"end":{"line":114,"column":15}},{"start":{"line":114,"column":19},"end":{"line":114,"column":30}},{"start":{"line":114,"column":34},"end":{"line":114,"column":40}},{"start":{"line":114,"column":44},"end":{"line":114,"column":51}}],"line":114},"17":{"loc":{"start":{"line":119,"column":4},"end":{"line":121,"column":5}},"type":"if","locations":[{"start":{"line":119,"column":4},"end":{"line":121,"column":5}},{"start":{},"end":{}}],"line":119},"18":{"loc":{"start":{"line":132,"column":8},"end":{"line":134,"column":9}},"type":"if","locations":[{"start":{"line":132,"column":8},"end":{"line":134,"column":9}},{"start":{},"end":{}}],"line":132},"19":{"loc":{"start":{"line":157,"column":4},"end":{"line":159,"column":5}},"type":"if","locations":[{"start":{"line":157,"column":4},"end":{"line":159,"column":5}},{"start":{},"end":{}}],"line":157},"20":{"loc":{"start":{"line":157,"column":8},"end":{"line":157,"column":50}},"type":"binary-expr","locations":[{"start":{"line":157,"column":8},"end":{"line":157,"column":15}},{"start":{"line":157,"column":19},"end":{"line":157,"column":50}}],"line":157},"21":{"loc":{"start":{"line":169,"column":8},"end":{"line":171,"column":9}},"type":"if","locations":[{"start":{"line":169,"column":8},"end":{"line":171,"column":9}},{"start":{},"end":{}}],"line":169}},"s":{"0":2,"1":2,"2":2,"3":2,"4":2,"5":2,"6":2,"7":2,"8":2,"9":2,"10":2,"11":2,"12":2,"13":2,"14":2,"15":0,"16":0,"17":2,"18":1,"19":2,"20":0,"21":2,"22":5,"23":5,"24":2,"25":3,"26":2,"27":1,"28":0,"29":1,"30":0,"31":1,"32":1,"33":1,"34":1,"35":1,"36":1,"37":0,"38":0,"39":0,"40":0,"41":0,"42":0,"43":0,"44":2,"45":4,"46":4,"47":2,"48":2,"49":2,"50":2,"51":2,"52":2,"53":1,"54":1,"55":1,"56":1,"57":1,"58":0,"59":0,"60":0,"61":2,"62":1,"63":1,"64":0,"65":1,"66":1,"67":0,"68":1,"69":1,"70":1,"71":0,"72":0,"73":1,"74":1,"75":0,"76":0,"77":2,"78":2,"79":2,"80":2,"81":2,"82":2,"83":0,"84":0,"85":2,"86":1,"87":1,"88":1,"89":1,"90":0,"91":1,"92":1,"93":1,"94":1,"95":1,"96":0,"97":1,"98":0,"99":0,"100":2,"101":0,"102":2,"103":0,"104":2,"105":1,"106":2,"107":2,"108":2},"f":{"0":1,"1":0,"2":5,"3":4,"4":1,"5":2,"6":1,"7":0,"8":0,"9":1,"10":2},"b":{"0":[2,3],"1":[5,3,3,3,3],"2":[2,1],"3":[3,3],"4":[0,1],"5":[1,1],"6":[0,1],"7":[0,0],"8":[0,0],"9":[0,0],"10":[0,0],"11":[2,2],"12":[4,2,2],"13":[1,1],"14":[1,0],"15":[0,1],"16":[1,1,1,1],"17":[0,1],"18":[1,0],"19":[0,1],"20":[1,1],"21":[0,1]},"_coverageSchema":"1a1c01bbd47fc00a2c39e90264f33305004495a9","hash":"abb4a9ac831bce5f81a5bd392bca7e06f4bae922"}
}
