TN:
SF:server\dbconfig.js
FNF:0
FNH:0
DA:1,2
LF:1
LH:1
BRF:0
BRH:0
end_of_record
TN:
SF:server\server.js
FN:25,(anonymous_0)
FN:29,(anonymous_1)
FN:33,(anonymous_2)
FN:77,(anonymous_3)
FN:111,(anonymous_4)
FN:140,(anonymous_5)
FN:152,(anonymous_6)
FN:180,(anonymous_7)
FN:184,(anonymous_8)
FN:188,(anonymous_9)
FN:192,(anonymous_10)
FNF:11
FNH:8
FNDA:1,(anonymous_0)
FNDA:0,(anonymous_1)
FNDA:5,(anonymous_2)
FNDA:4,(anonymous_3)
FNDA:1,(anonymous_4)
FNDA:2,(anonymous_5)
FNDA:1,(anonymous_6)
FNDA:0,(anonymous_7)
FNDA:0,(anonymous_8)
FNDA:1,(anonymous_9)
FNDA:2,(anonymous_10)
DA:1,2
DA:2,2
DA:3,2
DA:4,2
DA:5,2
DA:6,2
DA:7,2
DA:9,2
DA:10,2
DA:12,2
DA:13,2
DA:14,2
DA:17,2
DA:18,2
DA:19,2
DA:21,0
DA:22,0
DA:25,2
DA:26,1
DA:29,2
DA:30,0
DA:33,2
DA:34,5
DA:36,5
DA:37,2
DA:39,3
DA:40,2
DA:42,1
DA:43,0
DA:45,1
DA:46,0
DA:49,1
DA:50,1
DA:51,1
DA:53,1
DA:58,1
DA:59,1
DA:62,0
DA:63,0
DA:64,0
DA:66,0
DA:67,0
DA:71,0
DA:73,0
DA:77,2
DA:78,4
DA:80,4
DA:81,2
DA:84,2
DA:85,2
DA:86,2
DA:90,2
DA:92,2
DA:93,1
DA:96,1
DA:97,1
DA:99,1
DA:100,1
DA:102,0
DA:106,0
DA:107,0
DA:111,2
DA:112,1
DA:114,1
DA:115,0
DA:118,1
DA:119,1
DA:120,0
DA:123,1
DA:124,1
DA:125,1
DA:129,0
DA:130,0
DA:132,1
DA:133,1
DA:135,0
DA:136,0
DA:140,2
DA:141,2
DA:142,2
DA:143,2
DA:144,2
DA:145,2
DA:147,0
DA:148,0
DA:152,2
DA:153,1
DA:154,1
DA:156,1
DA:157,1
DA:158,0
DA:161,1
DA:162,1
DA:163,1
DA:167,1
DA:169,1
DA:170,0
DA:173,1
DA:175,0
DA:176,0
DA:180,2
DA:181,0
DA:184,2
DA:185,0
DA:188,2
DA:189,1
DA:192,2
DA:193,2
DA:196,2
LF:109
LH:80
BRDA:36,0,0,2
BRDA:36,0,1,3
BRDA:36,1,0,5
BRDA:36,1,1,3
BRDA:36,1,2,3
BRDA:36,1,3,3
BRDA:36,1,4,3
BRDA:39,2,0,2
BRDA:39,2,1,1
BRDA:39,3,0,3
BRDA:39,3,1,3
BRDA:42,4,0,0
BRDA:42,4,1,1
BRDA:42,5,0,1
BRDA:42,5,1,1
BRDA:45,6,0,0
BRDA:45,6,1,1
BRDA:62,7,0,0
BRDA:62,7,1,0
BRDA:63,8,0,0
BRDA:63,8,1,0
BRDA:66,9,0,0
BRDA:66,9,1,0
BRDA:73,10,0,0
BRDA:73,10,1,0
BRDA:80,11,0,2
BRDA:80,11,1,2
BRDA:80,12,0,4
BRDA:80,12,1,2
BRDA:80,12,2,2
BRDA:92,13,0,1
BRDA:92,13,1,1
BRDA:99,14,0,1
BRDA:99,14,1,0
BRDA:114,15,0,0
BRDA:114,15,1,1
BRDA:114,16,0,1
BRDA:114,16,1,1
BRDA:114,16,2,1
BRDA:114,16,3,1
BRDA:119,17,0,0
BRDA:119,17,1,1
BRDA:132,18,0,1
BRDA:132,18,1,0
BRDA:157,19,0,0
BRDA:157,19,1,1
BRDA:157,20,0,1
BRDA:157,20,1,1
BRDA:169,21,0,0
BRDA:169,21,1,1
BRF:50
BRH:34
end_of_record
